<?xml version="1.0" encoding="UTF-8"?>
<testsuites name="Add_Kategori" time="16.545" tests="2" failures="0" errors="0">
   <testsuite name="Add_Kategori" tests="2" failures="0" errors="0" time="16.545" skipped="0" timestamp="2023-08-02 16:57:52" hostname="LENOVO - DESKTOP-U54EK95" id="Test Suites/KasirAja/Add_Kategori">
      <properties>
         <property name="deviceName" value=""/>
         <property name="devicePlatform" value=""/>
         <property name="logFolder" value="C:\\Users\\LENOVO\\Documents\\Rambu\\KatalonFirst\\Reports\\20230802_165750\\KasirAja\\Add_Kategori\\20230802_165750"/>
         <property name="logFiles" value="C:\\Users\\LENOVO\\Documents\\Rambu\\KatalonFirst\\Reports\\20230802_165750\\KasirAja\\Add_Kategori\\20230802_165750\\execution0.log"/>
         <property name="attachments" value="keyes\keyes-KasirAja.png, keyes\keyes-kategori.png, keyes\keyes-sucess.png"/>
         <property name="hostName" value="LENOVO - DESKTOP-U54EK95"/>
         <property name="os" value="Windows 11 64bit"/>
         <property name="katalonVersion" value="8.6.5.208"/>
         <property name="browser" value="Chrome 115.0.0.0"/>
         <property name="hostAddress" value="192.168.0.105"/>
         <property name="sessionId" value="3a7ede3789b9f4a4eb0ed50c72b37e5d"/>
         <property name="seleniumVersion" value="3.141.59"/>
         <property name="proxyInformation" value="ProxyInformation { proxyOption=MANUAL_CONFIG, proxyServerType=HTTP, username=, password=********, proxyServerAddress=, proxyServerPort=0, executionList=&quot;127.0.0.1&quot;, isApplyToDesiredCapabilities=true }"/>
         <property name="platform" value="Windows 11"/>
      </properties>
      <testcase name="Test Cases/KasirAja/TC_02_LoginSuccess_withoutlogout" time="8.254" classname="Test Cases/KasirAja/TC_02_LoginSuccess_withoutlogout" status="PASSED">
         <system-out><![CDATA[2023-08-02 16:57:52 - [TEST_CASE][PASSED] - Test Cases/KasirAja/TC_02_LoginSuccess_withoutlogout: Test Cases/KasirAja/TC_02_LoginSuccess_withoutlogout

2023-08-02 16:57:52 - [TEST_STEP][PASSED] - openBrowser(""): Browser is opened with url: ''

2023-08-02 16:57:53 - [MESSAGE][INFO] - Starting 'Chrome' driver

2023-08-02 16:57:53 - [MESSAGE][INFO] - Action delay is set to 0 milliseconds

2023-08-02 16:57:54 - [MESSAGE][PASSED] - Browser is opened with url: ''

2023-08-02 16:57:54 - [TEST_STEP][PASSED] - maximizeWindow(): Current window maximized

2023-08-02 16:57:55 - [MESSAGE][PASSED] - Current window maximized

2023-08-02 16:57:55 - [TEST_STEP][PASSED] - navigateToUrl("https://kasirdemo.belajarqa.com"): Navigate to 'https://kasirdemo.belajarqa.com' successfully

2023-08-02 16:57:56 - [MESSAGE][PASSED] - Navigate to 'https://kasirdemo.belajarqa.com' successfully

2023-08-02 16:57:56 - [TEST_STEP][PASSED] - setText(findTestObject("KasirAja/Login/txt_email"), "KasirAja_Test@Test.com"): Text 'KasirAja_Test@Test.com' is set on object 'Object Repository/KasirAja/Login/txt_email'

2023-08-02 16:57:56 - [MESSAGE][PASSED] - Text 'KasirAja_Test@Test.com' is set on object 'Object Repository/KasirAja/Login/txt_email'

2023-08-02 16:57:56 - [TEST_STEP][PASSED] - setText(findTestObject("KasirAja/Login/txt_password"), "123456"): Text '123456' is set on object 'Object Repository/KasirAja/Login/txt_password'

2023-08-02 16:57:57 - [MESSAGE][PASSED] - Text '123456' is set on object 'Object Repository/KasirAja/Login/txt_password'

2023-08-02 16:57:57 - [TEST_STEP][PASSED] - click(findTestObject("KasirAja/Login/btn_login")): Object: 'Object Repository/KasirAja/Login/btn_login' is clicked on

2023-08-02 16:57:58 - [MESSAGE][PASSED] - Object: 'Object Repository/KasirAja/Login/btn_login' is clicked on

2023-08-02 16:57:58 - [TEST_STEP][PASSED] - verifyElementPresent(findTestObject("KasirAja/Login/verify_home"), 0): Object 'Object Repository/KasirAja/Login/verify_home' is present

2023-08-02 16:57:58 - [MESSAGE][WARNING] - Timeout '0' is invalid. Using default page load timeout: '30'

2023-08-02 16:57:59 - [MESSAGE][PASSED] - Object 'Object Repository/KasirAja/Login/verify_home' is present

2023-08-02 16:57:59 - [TEST_STEP][PASSED] - takeScreenshotAsCheckpoint("KasirAja", CONTINUE_ON_FAILURE): Taking screenshot successfully

2023-08-02 16:58:00 - [MESSAGE][INFO] - 0 hidden object(s)

2023-08-02 16:58:00 - [MESSAGE][PASSED] - Taking screenshot successfully
[[ATTACHMENT|keyes\keyes-KasirAja.png]]]]></system-out>
         <system-err><![CDATA[]]></system-err>
      </testcase>
      <testcase name="Test Cases/KasirAja/TC_04_AddKategori" time="8.095" classname="Test Cases/KasirAja/TC_04_AddKategori" status="PASSED">
         <system-out><![CDATA[2023-08-02 16:58:00 - [TEST_CASE][PASSED] - Test Cases/KasirAja/TC_04_AddKategori: Test Cases/KasirAja/TC_04_AddKategori

2023-08-02 16:58:01 - [TEST_STEP][PASSED] - click(findTestObject("KasirAja/Kategori/btn_kategori")): Object: 'Object Repository/KasirAja/Kategori/btn_kategori' is clicked on

2023-08-02 16:58:01 - [MESSAGE][PASSED] - Object: 'Object Repository/KasirAja/Kategori/btn_kategori' is clicked on

2023-08-02 16:58:01 - [TEST_STEP][PASSED] - verifyElementPresent(findTestObject("KasirAja/Kategori/Verify_kategori"), 3): Object 'Object Repository/KasirAja/Kategori/Verify_kategori' is present

2023-08-02 16:58:02 - [MESSAGE][PASSED] - Object 'Object Repository/KasirAja/Kategori/Verify_kategori' is present

2023-08-02 16:58:02 - [TEST_STEP][PASSED] - click(findTestObject("KasirAja/Kategori/btn_tambah")): Object: 'Object Repository/KasirAja/Kategori/btn_tambah' is clicked on

2023-08-02 16:58:03 - [MESSAGE][PASSED] - Object: 'Object Repository/KasirAja/Kategori/btn_tambah' is clicked on

2023-08-02 16:58:03 - [TEST_STEP][PASSED] - setText(findTestObject("KasirAja/Kategori/txt_namakategori"), "Kertas"): Text 'Kertas' is set on object 'Object Repository/KasirAja/Kategori/txt_namakategori'

2023-08-02 16:58:04 - [MESSAGE][PASSED] - Text 'Kertas' is set on object 'Object Repository/KasirAja/Kategori/txt_namakategori'

2023-08-02 16:58:04 - [TEST_STEP][PASSED] - setText(findTestObject("KasirAja/Kategori/txt_deskripsikategori"), "Bahan dasar kertas"): Text 'Bahan dasar kertas' is set on object 'Object Repository/KasirAja/Kategori/txt_deskripsikategori'

2023-08-02 16:58:05 - [MESSAGE][PASSED] - Text 'Bahan dasar kertas' is set on object 'Object Repository/KasirAja/Kategori/txt_deskripsikategori'

2023-08-02 16:58:05 - [TEST_STEP][PASSED] - takeScreenshotAsCheckpoint("kategori", CONTINUE_ON_FAILURE): Taking screenshot successfully

2023-08-02 16:58:06 - [MESSAGE][INFO] - 0 hidden object(s)

2023-08-02 16:58:06 - [MESSAGE][PASSED] - Taking screenshot successfully
[[ATTACHMENT|keyes\keyes-kategori.png]]

2023-08-02 16:58:06 - [TEST_STEP][PASSED] - click(findTestObject("KasirAja/Kategori/btn_simpan")): Object: 'Object Repository/KasirAja/Kategori/btn_simpan' is clicked on

2023-08-02 16:58:06 - [MESSAGE][PASSED] - Object: 'Object Repository/KasirAja/Kategori/btn_simpan' is clicked on

2023-08-02 16:58:06 - [TEST_STEP][PASSED] - verifyElementPresent(findTestObject("KasirAja/Kategori/alert_success"), 3): Object 'Object Repository/KasirAja/Kategori/alert_success' is present

2023-08-02 16:58:08 - [MESSAGE][PASSED] - Object 'Object Repository/KasirAja/Kategori/alert_success' is present

2023-08-02 16:58:08 - [TEST_STEP][PASSED] - takeScreenshotAsCheckpoint("sucess", CONTINUE_ON_FAILURE): Taking screenshot successfully

2023-08-02 16:58:08 - [MESSAGE][INFO] - 0 hidden object(s)

2023-08-02 16:58:08 - [MESSAGE][PASSED] - Taking screenshot successfully
[[ATTACHMENT|keyes\keyes-sucess.png]]]]></system-out>
         <system-err><![CDATA[]]></system-err>
      </testcase>
      <system-out><![CDATA[2023-08-02 16:57:52 - [TEST_SUITE][PASSED] - Add_Kategori: Test Cases/KasirAja/TC_04_AddKategori]]></system-out>
      <system-err><![CDATA[]]></system-err>
   </testsuite>
</testsuites>
