<?xml version="1.0" encoding="UTF-8"?>
<testsuites name="LihatSemuaPengumuman" time="46.227" tests="2" failures="0" errors="0">
   <testsuite name="LihatSemuaPengumuman" tests="2" failures="0" errors="0" time="46.227" skipped="0" timestamp="2023-08-03 16:38:01" hostname="LENOVO - DESKTOP-U54EK95" id="Test Suites/MimoTest/LihatSemuaPengumuman">
      <properties>
         <property name="deviceName" value="emulator-5554 (Android SDK built for x86 - Android 8.0.0)"/>
         <property name="devicePlatform" value=""/>
         <property name="logFolder" value="C:\\Users\\LENOVO\\Documents\\Rambu\\KatalonFirst\\Reports\\20230803_163759\\MimoTest\\LihatSemuaPengumuman\\20230803_163759"/>
         <property name="logFiles" value="C:\\Users\\LENOVO\\Documents\\Rambu\\KatalonFirst\\Reports\\20230803_163759\\MimoTest\\LihatSemuaPengumuman\\20230803_163759\\appium.log, C:\\Users\\LENOVO\\Documents\\Rambu\\KatalonFirst\\Reports\\20230803_163759\\MimoTest\\LihatSemuaPengumuman\\20230803_163759\\execution0.log"/>
         <property name="attachments" value=""/>
         <property name="hostName" value="LENOVO - DESKTOP-U54EK95"/>
         <property name="os" value="Windows 11 64bit"/>
         <property name="katalonVersion" value="8.6.5.208"/>
         <property name="deviceOS" value="Android"/>
         <property name="deviceModel" value="Android SDK built for x86"/>
         <property name="hostAddress" value="192.168.0.105"/>
         <property name="deviceManufacturer" value="Google"/>
         <property name="deviceId" value="emulator-5554"/>
         <property name="deviceName" value="emulator-5554 (Android SDK built for x86 - Android 8.0.0)"/>
         <property name="deviceOSVersion" value="8.0.0"/>
      </properties>
      <testcase name="Test Cases/MiMo/TC_01_Login" time="29.471" classname="Test Cases/MiMo/TC_01_Login" status="PASSED">
         <system-out><![CDATA[2023-08-03 16:38:01 - [TEST_CASE][PASSED] - Test Cases/MiMo/TC_01_Login: Test Cases/MiMo/TC_01_Login

2023-08-03 16:38:01 - [TEST_STEP][PASSED] - startApplication("C:\Users\LENOVO\Downloads\MiMo.apk", true): Started app at: 'C:\Users\LENOVO\Downloads\MiMo.apk'

2023-08-03 16:38:02 - [MESSAGE][INFO] - Detected NodeJS location: "C:\Program Files\nodejs\node.exe"

2023-08-03 16:38:03 - [MESSAGE][INFO] - Appium server started on port 52,803

2023-08-03 16:38:22 - [MESSAGE][WARNING] - Unable to get appium status. Root cause (Connect to :0 [localhost/127.0.0.1] failed: Connection refused: connect)

2023-08-03 16:38:23 - [MESSAGE][PASSED] - Started app at: 'C:\Users\LENOVO\Downloads\MiMo.apk'

2023-08-03 16:38:23 - [TEST_STEP][PASSED] - setText(findTestObject("Mimo/android.widget.Username"), "user003323", 0): Text 'user003323' has been set to element 'Object Repository/Mimo/android.widget.Username'

2023-08-03 16:38:23 - [MESSAGE][WARNING] - Timeout '0' is invalid. Using default page load timeout: '30'

2023-08-03 16:38:28 - [MESSAGE][PASSED] - Text 'user003323' has been set to element 'Object Repository/Mimo/android.widget.Username'

2023-08-03 16:38:28 - [TEST_STEP][PASSED] - setText(findTestObject("Mimo/android.widget.password"), "Pass@1234", 0): Text 'Pass@1234' has been set to element 'Object Repository/Mimo/android.widget.password'

2023-08-03 16:38:28 - [MESSAGE][WARNING] - Timeout '0' is invalid. Using default page load timeout: '30'

2023-08-03 16:38:29 - [MESSAGE][PASSED] - Text 'Pass@1234' has been set to element 'Object Repository/Mimo/android.widget.password'

2023-08-03 16:38:29 - [TEST_STEP][PASSED] - tap(findTestObject("Mimo/android.widget.Button - MASUK"), 0): Tapped on element 'Object Repository/Mimo/android.widget.Button - MASUK'

2023-08-03 16:38:30 - [MESSAGE][WARNING] - Timeout '0' is invalid. Using default page load timeout: '30'

2023-08-03 16:38:31 - [MESSAGE][PASSED] - Tapped on element 'Object Repository/Mimo/android.widget.Button - MASUK']]></system-out>
         <system-err><![CDATA[]]></system-err>
      </testcase>
      <testcase name="Test Cases/MiMo/TC_02_LihatSemuaPengumuman" time="16.455" classname="Test Cases/MiMo/TC_02_LihatSemuaPengumuman" status="PASSED">
         <system-out><![CDATA[2023-08-03 16:38:31 - [TEST_CASE][PASSED] - Test Cases/MiMo/TC_02_LihatSemuaPengumuman: Test Cases/MiMo/TC_02_LihatSemuaPengumuman

2023-08-03 16:38:31 - [TEST_STEP][PASSED] - startApplication("C:\Users\LENOVO\Downloads\MiMo.apk", true): Started app at: 'C:\Users\LENOVO\Downloads\MiMo.apk'

2023-08-03 16:38:42 - [MESSAGE][WARNING] - Unable to get appium status. Root cause (Connect to :0 [localhost/127.0.0.1] failed: Connection refused: connect)

2023-08-03 16:38:42 - [MESSAGE][PASSED] - Started app at: 'C:\Users\LENOVO\Downloads\MiMo.apk'

2023-08-03 16:38:42 - [TEST_STEP][PASSED] - tap(findTestObject("Mimo/Eksplor Aplikasi Mitsui"), 0): Tapped on element 'Object Repository/Mimo/Eksplor Aplikasi Mitsui'

2023-08-03 16:38:42 - [MESSAGE][WARNING] - Timeout '0' is invalid. Using default page load timeout: '30'

2023-08-03 16:38:46 - [MESSAGE][PASSED] - Tapped on element 'Object Repository/Mimo/Eksplor Aplikasi Mitsui'

2023-08-03 16:38:46 - [TEST_STEP][PASSED] - tapAtPosition(891, 1161): Tapped at [891, 1,161]

2023-08-03 16:38:47 - [MESSAGE][PASSED] - Tapped at [891, 1,161]]]></system-out>
         <system-err><![CDATA[]]></system-err>
      </testcase>
      <system-out><![CDATA[2023-08-03 16:38:01 - [TEST_SUITE][PASSED] - LihatSemuaPengumuman: Test Cases/MiMo/TC_02_LihatSemuaPengumuman]]></system-out>
      <system-err><![CDATA[]]></system-err>
   </testsuite>
</testsuites>
