<?xml version="1.0" encoding="UTF-8"?>
<testsuites name="Login" time="6.665" tests="1" failures="0" errors="0">
   <testsuite name="Login" tests="1" failures="0" errors="0" time="6.665" skipped="0" timestamp="2023-07-31 15:52:29" hostname="LENOVO - DESKTOP-U54EK95" id="Test Suites/Login">
      <properties>
         <property name="deviceName" value=""/>
         <property name="devicePlatform" value=""/>
         <property name="logFolder" value="C:\\Users\\LENOVO\\Documents\\Rambu\\KatalonFirst\\Reports\\20230731_155223\\Login\\20230731_155224"/>
         <property name="logFiles" value="C:\\Users\\LENOVO\\Documents\\Rambu\\KatalonFirst\\Reports\\20230731_155223\\Login\\20230731_155224\\execution0.log"/>
         <property name="attachments" value=""/>
         <property name="hostName" value="LENOVO - DESKTOP-U54EK95"/>
         <property name="os" value="Windows 11 64bit"/>
         <property name="katalonVersion" value="8.6.5.208"/>
         <property name="browser" value="Chrome 115.0.0.0"/>
         <property name="hostAddress" value="192.168.0.105"/>
         <property name="sessionId" value="a7e8575df51ea7ca4efbd489dacda8af"/>
         <property name="seleniumVersion" value="3.141.59"/>
         <property name="proxyInformation" value="ProxyInformation { proxyOption=NO_PROXY, proxyServerType=HTTP, username=, password=********, proxyServerAddress=, proxyServerPort=0, executionList=&quot;&quot;, isApplyToDesiredCapabilities=true }"/>
         <property name="platform" value="Windows 11"/>
      </properties>
      <testcase name="Test Cases/Saucedemo/Login" time="6.466" classname="Test Cases/Saucedemo/Login" status="PASSED">
         <system-out><![CDATA[2023-07-31 15:52:30 - [TEST_CASE][PASSED] - Test Cases/Saucedemo/Login: Test Cases/Saucedemo/Login

2023-07-31 15:52:30 - [TEST_STEP][PASSED] - openBrowser(""): Browser is opened with url: ''

2023-07-31 15:52:30 - [MESSAGE][INFO] - Starting 'Chrome' driver

2023-07-31 15:52:30 - [MESSAGE][INFO] - Action delay is set to 0 milliseconds

2023-07-31 15:52:32 - [MESSAGE][PASSED] - Browser is opened with url: ''

2023-07-31 15:52:32 - [TEST_STEP][PASSED] - maximizeWindow(): Current window maximized

2023-07-31 15:52:32 - [MESSAGE][PASSED] - Current window maximized

2023-07-31 15:52:32 - [TEST_STEP][PASSED] - navigateToUrl("https://www.saucedemo.com/"): Navigate to 'https://www.saucedemo.com/' successfully

2023-07-31 15:52:34 - [MESSAGE][PASSED] - Navigate to 'https://www.saucedemo.com/' successfully

2023-07-31 15:52:34 - [TEST_STEP][PASSED] - setText(findTestObject("Saucedemo/Login/txt_username"), "standard_user"): Text 'standard_user' is set on object 'Object Repository/Saucedemo/Login/txt_username'

2023-07-31 15:52:34 - [MESSAGE][PASSED] - Text 'standard_user' is set on object 'Object Repository/Saucedemo/Login/txt_username'

2023-07-31 15:52:34 - [TEST_STEP][PASSED] - setText(findTestObject("Saucedemo/Login/txt_password"), "secret_sauce"): Text 'secret_sauce' is set on object 'Object Repository/Saucedemo/Login/txt_password'

2023-07-31 15:52:35 - [MESSAGE][PASSED] - Text 'secret_sauce' is set on object 'Object Repository/Saucedemo/Login/txt_password'

2023-07-31 15:52:35 - [TEST_STEP][PASSED] - click(findTestObject("Saucedemo/Login/btn_login")): Object: 'Object Repository/Saucedemo/Login/btn_login' is clicked on

2023-07-31 15:52:36 - [MESSAGE][PASSED] - Object: 'Object Repository/Saucedemo/Login/btn_login' is clicked on

2023-07-31 15:52:36 - [TEST_STEP][PASSED] - verifyElementPresent(findTestObject("Saucedemo/Login/Verify_Home"), 0): Object 'Object Repository/Saucedemo/Login/Verify_Home' is present

2023-07-31 15:52:36 - [MESSAGE][WARNING] - Timeout '0' is invalid. Using default page load timeout: '30'

2023-07-31 15:52:36 - [MESSAGE][PASSED] - Object 'Object Repository/Saucedemo/Login/Verify_Home' is present]]></system-out>
         <system-err><![CDATA[]]></system-err>
      </testcase>
      <system-out><![CDATA[2023-07-31 15:52:29 - [TEST_SUITE][PASSED] - Login: Test Cases/Saucedemo/Login]]></system-out>
      <system-err><![CDATA[]]></system-err>
   </testsuite>
</testsuites>
