<?xml version="1.0" encoding="UTF-8"?>
<testsuites name="Checkout" time="13.495" tests="1" failures="0" errors="0">
   <testsuite name="Checkout" tests="1" failures="0" errors="0" time="13.495" skipped="0" timestamp="2023-07-31 15:52:39" hostname="LENOVO - DESKTOP-U54EK95" id="Test Suites/Checkout">
      <properties>
         <property name="deviceName" value=""/>
         <property name="devicePlatform" value=""/>
         <property name="logFolder" value="C:\\Users\\LENOVO\\Documents\\Rambu\\KatalonFirst\\Reports\\20230731_155223\\Checkout\\20230731_155226"/>
         <property name="logFiles" value="C:\\Users\\LENOVO\\Documents\\Rambu\\KatalonFirst\\Reports\\20230731_155223\\Checkout\\20230731_155226\\execution0.log"/>
         <property name="attachments" value=""/>
         <property name="hostName" value="LENOVO - DESKTOP-U54EK95"/>
         <property name="os" value="Windows 11 64bit"/>
         <property name="katalonVersion" value="8.6.5.208"/>
         <property name="browser" value="Chrome 115.0.0.0"/>
         <property name="hostAddress" value="192.168.0.105"/>
         <property name="sessionId" value="5beb40bcca4bce55cb5b34da6e8c450b"/>
         <property name="seleniumVersion" value="3.141.59"/>
         <property name="proxyInformation" value="ProxyInformation { proxyOption=NO_PROXY, proxyServerType=HTTP, username=, password=********, proxyServerAddress=, proxyServerPort=0, executionList=&quot;&quot;, isApplyToDesiredCapabilities=true }"/>
         <property name="platform" value="Windows 11"/>
      </properties>
      <testcase name="Test Cases/Saucedemo/TC_06_Checkout" time="13.302" classname="Test Cases/Saucedemo/TC_06_Checkout" status="PASSED">
         <system-out><![CDATA[2023-07-31 15:52:40 - [TEST_CASE][PASSED] - Test Cases/Saucedemo/TC_06_Checkout: Test Cases/Saucedemo/TC_06_Checkout

2023-07-31 15:52:40 - [TEST_STEP][PASSED] - openBrowser(""): Browser is opened with url: ''

2023-07-31 15:52:40 - [MESSAGE][INFO] - Starting 'Chrome' driver

2023-07-31 15:52:40 - [MESSAGE][INFO] - Action delay is set to 0 milliseconds

2023-07-31 15:52:42 - [MESSAGE][PASSED] - Browser is opened with url: ''

2023-07-31 15:52:42 - [TEST_STEP][PASSED] - maximizeWindow(): Current window maximized

2023-07-31 15:52:42 - [MESSAGE][PASSED] - Current window maximized

2023-07-31 15:52:42 - [TEST_STEP][PASSED] - navigateToUrl("https://www.saucedemo.com/"): Navigate to 'https://www.saucedemo.com/' successfully

2023-07-31 15:52:43 - [MESSAGE][PASSED] - Navigate to 'https://www.saucedemo.com/' successfully

2023-07-31 15:52:43 - [TEST_STEP][PASSED] - setText(findTestObject("Saucedemo/Login/txt_username"), "standard_user"): Text 'standard_user' is set on object 'Object Repository/Saucedemo/Login/txt_username'

2023-07-31 15:52:44 - [MESSAGE][PASSED] - Text 'standard_user' is set on object 'Object Repository/Saucedemo/Login/txt_username'

2023-07-31 15:52:44 - [TEST_STEP][PASSED] - setText(findTestObject("Saucedemo/Login/txt_password"), "secret_sauce"): Text 'secret_sauce' is set on object 'Object Repository/Saucedemo/Login/txt_password'

2023-07-31 15:52:45 - [MESSAGE][PASSED] - Text 'secret_sauce' is set on object 'Object Repository/Saucedemo/Login/txt_password'

2023-07-31 15:52:45 - [TEST_STEP][PASSED] - click(findTestObject("Saucedemo/Login/btn_login")): Object: 'Object Repository/Saucedemo/Login/btn_login' is clicked on

2023-07-31 15:52:45 - [MESSAGE][PASSED] - Object: 'Object Repository/Saucedemo/Login/btn_login' is clicked on

2023-07-31 15:52:45 - [TEST_STEP][PASSED] - verifyElementPresent(findTestObject("Saucedemo/Login/Verify_Home"), 0): Object 'Object Repository/Saucedemo/Login/Verify_Home' is present

2023-07-31 15:52:45 - [MESSAGE][WARNING] - Timeout '0' is invalid. Using default page load timeout: '30'

2023-07-31 15:52:45 - [MESSAGE][PASSED] - Object 'Object Repository/Saucedemo/Login/Verify_Home' is present

2023-07-31 15:52:45 - [TEST_STEP][PASSED] - click(findTestObject("Saucedemo/Product/btn_Addtocart")): Object: 'Object Repository/Saucedemo/Product/btn_Addtocart' is clicked on

2023-07-31 15:52:46 - [MESSAGE][PASSED] - Object: 'Object Repository/Saucedemo/Product/btn_Addtocart' is clicked on

2023-07-31 15:52:46 - [TEST_STEP][PASSED] - click(findTestObject("Saucedemo/Product/btn_cart")): Object: 'Object Repository/Saucedemo/Product/btn_cart' is clicked on

2023-07-31 15:52:47 - [MESSAGE][PASSED] - Object: 'Object Repository/Saucedemo/Product/btn_cart' is clicked on

2023-07-31 15:52:47 - [TEST_STEP][PASSED] - click(findTestObject("Saucedemo/Product/btn_checkout")): Object: 'Object Repository/Saucedemo/Product/btn_checkout' is clicked on

2023-07-31 15:52:47 - [MESSAGE][PASSED] - Object: 'Object Repository/Saucedemo/Product/btn_checkout' is clicked on

2023-07-31 15:52:47 - [TEST_STEP][PASSED] - setText(findTestObject("Saucedemo/Product/txt_firstname"), "Standard"): Text 'Standard' is set on object 'Object Repository/Saucedemo/Product/txt_firstname'

2023-07-31 15:52:48 - [MESSAGE][PASSED] - Text 'Standard' is set on object 'Object Repository/Saucedemo/Product/txt_firstname'

2023-07-31 15:52:48 - [TEST_STEP][PASSED] - setText(findTestObject("Saucedemo/Product/txt_lastname"), "User"): Text 'User' is set on object 'Object Repository/Saucedemo/Product/txt_lastname'

2023-07-31 15:52:49 - [MESSAGE][PASSED] - Text 'User' is set on object 'Object Repository/Saucedemo/Product/txt_lastname'

2023-07-31 15:52:49 - [TEST_STEP][PASSED] - setText(findTestObject("Saucedemo/Product/txt_postalcode"), "13131"): Text '13131' is set on object 'Object Repository/Saucedemo/Product/txt_postalcode'

2023-07-31 15:52:50 - [MESSAGE][PASSED] - Text '13131' is set on object 'Object Repository/Saucedemo/Product/txt_postalcode'

2023-07-31 15:52:50 - [TEST_STEP][PASSED] - click(findTestObject("Saucedemo/Product/btn_continue")): Object: 'Object Repository/Saucedemo/Product/btn_continue' is clicked on

2023-07-31 15:52:50 - [MESSAGE][PASSED] - Object: 'Object Repository/Saucedemo/Product/btn_continue' is clicked on

2023-07-31 15:52:50 - [TEST_STEP][PASSED] - verifyElementPresent(findTestObject("Saucedemo/Product/verify_overview"), 0): Object 'Object Repository/Saucedemo/Product/verify_overview' is present

2023-07-31 15:52:51 - [MESSAGE][WARNING] - Timeout '0' is invalid. Using default page load timeout: '30'

2023-07-31 15:52:51 - [MESSAGE][PASSED] - Object 'Object Repository/Saucedemo/Product/verify_overview' is present

2023-07-31 15:52:51 - [TEST_STEP][PASSED] - click(findTestObject("Saucedemo/Product/btn_finish")): Object: 'Object Repository/Saucedemo/Product/btn_finish' is clicked on

2023-07-31 15:52:51 - [MESSAGE][PASSED] - Object: 'Object Repository/Saucedemo/Product/btn_finish' is clicked on

2023-07-31 15:52:51 - [TEST_STEP][PASSED] - verifyElementPresent(findTestObject("Saucedemo/Product/verify_completeorder"), 0): Object 'Object Repository/Saucedemo/Product/verify_completeorder' is present

2023-07-31 15:52:51 - [MESSAGE][WARNING] - Timeout '0' is invalid. Using default page load timeout: '30'

2023-07-31 15:52:52 - [MESSAGE][PASSED] - Object 'Object Repository/Saucedemo/Product/verify_completeorder' is present

2023-07-31 15:52:52 - [TEST_STEP][PASSED] - click(findTestObject("Saucedemo/Product/btn_backhome")): Object: 'Object Repository/Saucedemo/Product/btn_backhome' is clicked on

2023-07-31 15:52:52 - [MESSAGE][PASSED] - Object: 'Object Repository/Saucedemo/Product/btn_backhome' is clicked on

2023-07-31 15:52:52 - [TEST_STEP][PASSED] - verifyElementPresent(findTestObject("Saucedemo/Login/Verify_Home"), 0): Object 'Object Repository/Saucedemo/Login/Verify_Home' is present

2023-07-31 15:52:52 - [MESSAGE][WARNING] - Timeout '0' is invalid. Using default page load timeout: '30'

2023-07-31 15:52:53 - [MESSAGE][PASSED] - Object 'Object Repository/Saucedemo/Login/Verify_Home' is present]]></system-out>
         <system-err><![CDATA[]]></system-err>
      </testcase>
      <system-out><![CDATA[2023-07-31 15:52:39 - [TEST_SUITE][PASSED] - Checkout: Test Cases/Saucedemo/TC_06_Checkout]]></system-out>
      <system-err><![CDATA[]]></system-err>
   </testsuite>
</testsuites>
