<?xml version="1.0" encoding="UTF-8"?>
<testsuites name="LihatSemuaPengumuman" time="58.485" tests="2" failures="0" errors="0">
   <testsuite name="LihatSemuaPengumuman" tests="2" failures="0" errors="0" time="58.485" skipped="0" timestamp="2023-08-03 16:36:38" hostname="LENOVO - DESKTOP-U54EK95" id="Test Suites/MimoTest/LihatSemuaPengumuman">
      <properties>
         <property name="deviceName" value="emulator-5554 (Android SDK built for x86 - Android 8.0.0)"/>
         <property name="devicePlatform" value=""/>
         <property name="logFolder" value="C:\\Users\\LENOVO\\Documents\\Rambu\\KatalonFirst\\Reports\\20230803_163632\\MimoTest\\LihatSemuaPengumuman\\20230803_163632"/>
         <property name="logFiles" value="C:\\Users\\LENOVO\\Documents\\Rambu\\KatalonFirst\\Reports\\20230803_163632\\MimoTest\\LihatSemuaPengumuman\\20230803_163632\\appium.log, C:\\Users\\LENOVO\\Documents\\Rambu\\KatalonFirst\\Reports\\20230803_163632\\MimoTest\\LihatSemuaPengumuman\\20230803_163632\\execution0.log"/>
         <property name="attachments" value=""/>
         <property name="hostName" value="LENOVO - DESKTOP-U54EK95"/>
         <property name="os" value="Windows 11 64bit"/>
         <property name="katalonVersion" value="8.6.5.208"/>
         <property name="deviceOS" value="Android"/>
         <property name="deviceModel" value="Android SDK built for x86"/>
         <property name="hostAddress" value="192.168.0.105"/>
         <property name="deviceManufacturer" value="Google"/>
         <property name="deviceId" value="emulator-5554"/>
         <property name="deviceName" value="emulator-5554 (Android SDK built for x86 - Android 8.0.0)"/>
         <property name="deviceOSVersion" value="8.0.0"/>
      </properties>
      <testcase name="Test Cases/MiMo/TC_01_Login" time="38.015" classname="Test Cases/MiMo/TC_01_Login" status="PASSED">
         <system-out><![CDATA[2023-08-03 16:36:38 - [TEST_CASE][PASSED] - Test Cases/MiMo/TC_01_Login: Test Cases/MiMo/TC_01_Login

2023-08-03 16:36:39 - [TEST_STEP][PASSED] - startApplication("C:\Users\LENOVO\Downloads\MiMo.apk", true): Started app at: 'C:\Users\LENOVO\Downloads\MiMo.apk'

2023-08-03 16:36:40 - [MESSAGE][INFO] - Detected NodeJS location: "C:\Program Files\nodejs\node.exe"

2023-08-03 16:36:44 - [MESSAGE][INFO] - Appium server started on port 52,215

2023-08-03 16:37:10 - [MESSAGE][WARNING] - Unable to get appium status. Root cause (Connect to :0 [localhost/127.0.0.1] failed: Connection refused: connect)

2023-08-03 16:37:11 - [MESSAGE][PASSED] - Started app at: 'C:\Users\LENOVO\Downloads\MiMo.apk'

2023-08-03 16:37:11 - [TEST_STEP][PASSED] - setText(findTestObject("Mimo/android.widget.Username"), "user003323", 0): Text 'user003323' has been set to element 'Object Repository/Mimo/android.widget.Username'

2023-08-03 16:37:11 - [MESSAGE][WARNING] - Timeout '0' is invalid. Using default page load timeout: '30'

2023-08-03 16:37:14 - [MESSAGE][PASSED] - Text 'user003323' has been set to element 'Object Repository/Mimo/android.widget.Username'

2023-08-03 16:37:14 - [TEST_STEP][PASSED] - setText(findTestObject("Mimo/android.widget.password"), "Pass@1234", 0): Text 'Pass@1234' has been set to element 'Object Repository/Mimo/android.widget.password'

2023-08-03 16:37:14 - [MESSAGE][WARNING] - Timeout '0' is invalid. Using default page load timeout: '30'

2023-08-03 16:37:15 - [MESSAGE][PASSED] - Text 'Pass@1234' has been set to element 'Object Repository/Mimo/android.widget.password'

2023-08-03 16:37:15 - [TEST_STEP][PASSED] - tap(findTestObject("Mimo/android.widget.Button - MASUK"), 0): Tapped on element 'Object Repository/Mimo/android.widget.Button - MASUK'

2023-08-03 16:37:15 - [MESSAGE][WARNING] - Timeout '0' is invalid. Using default page load timeout: '30'

2023-08-03 16:37:16 - [MESSAGE][PASSED] - Tapped on element 'Object Repository/Mimo/android.widget.Button - MASUK']]></system-out>
         <system-err><![CDATA[]]></system-err>
      </testcase>
      <testcase name="Test Cases/MiMo/TC_02_LihatSemuaPengumuman" time="19.953" classname="Test Cases/MiMo/TC_02_LihatSemuaPengumuman" status="PASSED">
         <system-out><![CDATA[2023-08-03 16:37:16 - [TEST_CASE][PASSED] - Test Cases/MiMo/TC_02_LihatSemuaPengumuman: Test Cases/MiMo/TC_02_LihatSemuaPengumuman

2023-08-03 16:37:17 - [TEST_STEP][PASSED] - startApplication("C:\Users\LENOVO\Downloads\MiMo.apk", true): Started app at: 'C:\Users\LENOVO\Downloads\MiMo.apk'

2023-08-03 16:37:30 - [MESSAGE][WARNING] - Unable to get appium status. Root cause (Connect to :0 [localhost/127.0.0.1] failed: Connection refused: connect)

2023-08-03 16:37:30 - [MESSAGE][PASSED] - Started app at: 'C:\Users\LENOVO\Downloads\MiMo.apk'

2023-08-03 16:37:30 - [TEST_STEP][PASSED] - tap(findTestObject("Mimo/Eksplor Aplikasi Mitsui"), 0): Tapped on element 'Object Repository/Mimo/Eksplor Aplikasi Mitsui'

2023-08-03 16:37:31 - [MESSAGE][WARNING] - Timeout '0' is invalid. Using default page load timeout: '30'

2023-08-03 16:37:35 - [MESSAGE][PASSED] - Tapped on element 'Object Repository/Mimo/Eksplor Aplikasi Mitsui'

2023-08-03 16:37:35 - [TEST_STEP][PASSED] - tapAtPosition(891, 1161): Tapped at [891, 1,161]

2023-08-03 16:37:36 - [MESSAGE][PASSED] - Tapped at [891, 1,161]]]></system-out>
         <system-err><![CDATA[]]></system-err>
      </testcase>
      <system-out><![CDATA[2023-08-03 16:36:38 - [TEST_SUITE][PASSED] - LihatSemuaPengumuman: Test Cases/MiMo/TC_02_LihatSemuaPengumuman]]></system-out>
      <system-err><![CDATA[]]></system-err>
   </testsuite>
</testsuites>
