<?xml version="1.0" encoding="UTF-8"?>
<testsuites name="LihatSemuaPengumuman" time="25.939" tests="2" failures="0" errors="0">
   <testsuite name="LihatSemuaPengumuman" tests="2" failures="0" errors="0" time="25.939" skipped="0" timestamp="2023-08-03 16:59:36" hostname="LENOVO - DESKTOP-U54EK95" id="Test Suites/MimoTest/LihatSemuaPengumuman">
      <properties>
         <property name="deviceName" value="emulator-5554 (Android SDK built for x86 - Android 8.0.0)"/>
         <property name="devicePlatform" value=""/>
         <property name="logFolder" value="C:\\Users\\LENOVO\\Documents\\Rambu\\KatalonFirst\\Reports\\20230803_165933\\MimoTest\\LihatSemuaPengumuman\\20230803_165933"/>
         <property name="logFiles" value="C:\\Users\\LENOVO\\Documents\\Rambu\\KatalonFirst\\Reports\\20230803_165933\\MimoTest\\LihatSemuaPengumuman\\20230803_165933\\appium.log, C:\\Users\\LENOVO\\Documents\\Rambu\\KatalonFirst\\Reports\\20230803_165933\\MimoTest\\LihatSemuaPengumuman\\20230803_165933\\execution0.log"/>
         <property name="attachments" value=""/>
         <property name="hostName" value="LENOVO - DESKTOP-U54EK95"/>
         <property name="os" value="Windows 11 64bit"/>
         <property name="katalonVersion" value="8.6.5.208"/>
         <property name="deviceOS" value="Android"/>
         <property name="deviceModel" value="Android SDK built for x86"/>
         <property name="hostAddress" value="192.168.0.105"/>
         <property name="deviceManufacturer" value="Google"/>
         <property name="deviceId" value="emulator-5554"/>
         <property name="deviceName" value="emulator-5554 (Android SDK built for x86 - Android 8.0.0)"/>
         <property name="deviceOSVersion" value="8.0.0"/>
      </properties>
      <testcase name="Test Cases/MiMo/TC_01_Login" time="19.242" classname="Test Cases/MiMo/TC_01_Login" status="PASSED">
         <system-out><![CDATA[2023-08-03 16:59:36 - [TEST_CASE][PASSED] - Test Cases/MiMo/TC_01_Login: Test Cases/MiMo/TC_01_Login

2023-08-03 16:59:36 - [TEST_STEP][PASSED] - startApplication("C:\Users\LENOVO\Downloads\MiMo.apk", true): Started app at: 'C:\Users\LENOVO\Downloads\MiMo.apk'

2023-08-03 16:59:36 - [MESSAGE][INFO] - Detected NodeJS location: "C:\Program Files\nodejs\node.exe"

2023-08-03 16:59:38 - [MESSAGE][INFO] - Appium server started on port 54,859

2023-08-03 16:59:50 - [MESSAGE][WARNING] - Unable to get appium status. Root cause (Connect to :0 [localhost/127.0.0.1] failed: Connection refused: connect)

2023-08-03 16:59:50 - [MESSAGE][PASSED] - Started app at: 'C:\Users\LENOVO\Downloads\MiMo.apk'

2023-08-03 16:59:50 - [TEST_STEP][PASSED] - setText(findTestObject("Mimo/android.widget.Username"), "user003323", 0): Text 'user003323' has been set to element 'Object Repository/Mimo/android.widget.Username'

2023-08-03 16:59:50 - [MESSAGE][WARNING] - Timeout '0' is invalid. Using default page load timeout: '30'

2023-08-03 16:59:53 - [MESSAGE][PASSED] - Text 'user003323' has been set to element 'Object Repository/Mimo/android.widget.Username'

2023-08-03 16:59:53 - [TEST_STEP][PASSED] - setText(findTestObject("Mimo/android.widget.password"), "Pass@1234", 0): Text 'Pass@1234' has been set to element 'Object Repository/Mimo/android.widget.password'

2023-08-03 16:59:53 - [MESSAGE][WARNING] - Timeout '0' is invalid. Using default page load timeout: '30'

2023-08-03 16:59:54 - [MESSAGE][PASSED] - Text 'Pass@1234' has been set to element 'Object Repository/Mimo/android.widget.password'

2023-08-03 16:59:54 - [TEST_STEP][PASSED] - tap(findTestObject("Mimo/android.widget.Button - MASUK"), 0): Tapped on element 'Object Repository/Mimo/android.widget.Button - MASUK'

2023-08-03 16:59:54 - [MESSAGE][WARNING] - Timeout '0' is invalid. Using default page load timeout: '30'

2023-08-03 16:59:55 - [MESSAGE][PASSED] - Tapped on element 'Object Repository/Mimo/android.widget.Button - MASUK']]></system-out>
         <system-err><![CDATA[]]></system-err>
      </testcase>
      <testcase name="Test Cases/MiMo/TC_02_LihatSemuaPengumuman - Copy" time="6.495" classname="Test Cases/MiMo/TC_02_LihatSemuaPengumuman - Copy" status="PASSED">
         <system-out><![CDATA[2023-08-03 16:59:55 - [TEST_CASE][PASSED] - Test Cases/MiMo/TC_02_LihatSemuaPengumuman - Copy: Test Cases/MiMo/TC_02_LihatSemuaPengumuman - Copy

2023-08-03 16:59:55 - [TEST_STEP][PASSED] - tap(findTestObject("Mimo/LihatSemua1"), 0): Tapped on element 'Object Repository/Mimo/LihatSemua1'

2023-08-03 16:59:55 - [MESSAGE][WARNING] - Timeout '0' is invalid. Using default page load timeout: '30'

2023-08-03 16:59:59 - [MESSAGE][PASSED] - Tapped on element 'Object Repository/Mimo/LihatSemua1'

2023-08-03 16:59:59 - [TEST_STEP][PASSED] - delay(2): Delayed 2 second(s)

2023-08-03 17:00:02 - [MESSAGE][PASSED] - Delayed 2 second(s)]]></system-out>
         <system-err><![CDATA[]]></system-err>
      </testcase>
      <system-out><![CDATA[2023-08-03 16:59:36 - [TEST_SUITE][PASSED] - LihatSemuaPengumuman: Test Cases/MiMo/TC_02_LihatSemuaPengumuman - Copy]]></system-out>
      <system-err><![CDATA[]]></system-err>
   </testsuite>
</testsuites>
