<?xml version="1.0" encoding="UTF-8"?>
<testsuites name="Register" time="10.396" tests="1" failures="0" errors="0">
   <testsuite name="Register" tests="1" failures="0" errors="0" time="10.396" skipped="0" timestamp="2023-08-03 13:43:55" hostname="LENOVO - DESKTOP-U54EK95" id="Test Suites/Register">
      <properties>
         <property name="deviceName" value=""/>
         <property name="devicePlatform" value=""/>
         <property name="logFolder" value="C:\\Users\\LENOVO\\Documents\\Rambu\\KatalonFirst\\Reports\\20230803_134354\\Register\\20230803_134354"/>
         <property name="logFiles" value="C:\\Users\\LENOVO\\Documents\\Rambu\\KatalonFirst\\Reports\\20230803_134354\\Register\\20230803_134354\\execution0.log"/>
         <property name="attachments" value="keyes\keyes-Daftar.png"/>
         <property name="hostName" value="LENOVO - DESKTOP-U54EK95"/>
         <property name="os" value="Windows 11 64bit"/>
         <property name="katalonVersion" value="8.6.5.208"/>
         <property name="browser" value="Chrome 115.0.0.0"/>
         <property name="hostAddress" value="192.168.0.105"/>
         <property name="sessionId" value="6920ad9d0d7c68d51f2aa13924bcb94e"/>
         <property name="seleniumVersion" value="3.141.59"/>
         <property name="proxyInformation" value="ProxyInformation { proxyOption=MANUAL_CONFIG, proxyServerType=HTTP, username=, password=********, proxyServerAddress=, proxyServerPort=0, executionList=&quot;127.0.0.1&quot;, isApplyToDesiredCapabilities=true }"/>
         <property name="platform" value="Windows 11"/>
      </properties>
      <testcase name="Test Cases/KasirAja/TC_01_Register" time="10.202" classname="Test Cases/KasirAja/TC_01_Register" status="PASSED">
         <system-out><![CDATA[2023-08-03 13:43:56 - [TEST_CASE][PASSED] - Test Cases/KasirAja/TC_01_Register: Test Cases/KasirAja/TC_01_Register

2023-08-03 13:43:56 - [TEST_STEP][PASSED] - openBrowser(""): Browser is opened with url: ''

2023-08-03 13:43:56 - [MESSAGE][INFO] - Starting 'Chrome' driver

2023-08-03 13:43:56 - [MESSAGE][INFO] - Action delay is set to 0 milliseconds

2023-08-03 13:43:58 - [MESSAGE][PASSED] - Browser is opened with url: ''

2023-08-03 13:43:58 - [TEST_STEP][PASSED] - maximizeWindow(): Current window maximized

2023-08-03 13:43:58 - [MESSAGE][PASSED] - Current window maximized

2023-08-03 13:43:58 - [TEST_STEP][PASSED] - navigateToUrl("https://kasirdemo.belajarqa.com"): Navigate to 'https://kasirdemo.belajarqa.com' successfully

2023-08-03 13:43:59 - [MESSAGE][PASSED] - Navigate to 'https://kasirdemo.belajarqa.com' successfully

2023-08-03 13:43:59 - [TEST_STEP][PASSED] - click(findTestObject("KasirAja/Login/btn_register")): Object: 'Object Repository/KasirAja/Login/btn_register' is clicked on

2023-08-03 13:44:00 - [MESSAGE][PASSED] - Object: 'Object Repository/KasirAja/Login/btn_register' is clicked on

2023-08-03 13:44:00 - [TEST_STEP][PASSED] - setText(findTestObject("KasirAja/Login/txt_namatoko"), "Manusia"): Text 'Manusia' is set on object 'Object Repository/KasirAja/Login/txt_namatoko'

2023-08-03 13:44:01 - [MESSAGE][PASSED] - Text 'Manusia' is set on object 'Object Repository/KasirAja/Login/txt_namatoko'

2023-08-03 13:44:01 - [TEST_STEP][PASSED] - setText(findTestObject("KasirAja/Login/txt_email"), " Manusia@test.com"): Text ' Manusia@test.com' is set on object 'Object Repository/KasirAja/Login/txt_email'

2023-08-03 13:44:02 - [MESSAGE][PASSED] - Text ' Manusia@test.com' is set on object 'Object Repository/KasirAja/Login/txt_email'

2023-08-03 13:44:02 - [TEST_STEP][PASSED] - setText(findTestObject("KasirAja/Login/txt_password"), "123456"): Text '123456' is set on object 'Object Repository/KasirAja/Login/txt_password'

2023-08-03 13:44:02 - [MESSAGE][PASSED] - Text '123456' is set on object 'Object Repository/KasirAja/Login/txt_password'

2023-08-03 13:44:02 - [TEST_STEP][PASSED] - click(findTestObject("KasirAja/Login/btn_regis")): Object: 'Object Repository/KasirAja/Login/btn_regis' is clicked on

2023-08-03 13:44:03 - [MESSAGE][PASSED] - Object: 'Object Repository/KasirAja/Login/btn_regis' is clicked on

2023-08-03 13:44:03 - [TEST_STEP][PASSED] - verifyElementPresent(findTestObject("KasirAja/Login/alert_register"), 3): Object 'Object Repository/KasirAja/Login/alert_register' is present

2023-08-03 13:44:04 - [MESSAGE][PASSED] - Object 'Object Repository/KasirAja/Login/alert_register' is present

2023-08-03 13:44:04 - [TEST_STEP][PASSED] - takeFullPageScreenshotAsCheckpoint("Daftar", STOP_ON_FAILURE): Taking screenshot successfully

2023-08-03 13:44:05 - [MESSAGE][INFO] - 0 hidden object(s)

2023-08-03 13:44:05 - [MESSAGE][PASSED] - Taking screenshot successfully
[[ATTACHMENT|keyes\keyes-Daftar.png]]

2023-08-03 13:44:05 - [TEST_STEP][PASSED] - closeBrowser(): Browser is closed

2023-08-03 13:44:06 - [MESSAGE][PASSED] - Browser is closed]]></system-out>
         <system-err><![CDATA[]]></system-err>
      </testcase>
      <system-out><![CDATA[2023-08-03 13:43:55 - [TEST_SUITE][PASSED] - Register: Test Cases/KasirAja/TC_01_Register]]></system-out>
      <system-err><![CDATA[]]></system-err>
   </testsuite>
</testsuites>
